make all --print-data-base --no-builtin-variables --no-builtin-rules --question
# GNU Make 4.3
 
# Construit pour x86_64-pc-linux-gnu
# Copyright (C) 1988-2020 Free Software Foundation, Inc.
# Licence GPLv3+ : GNU GPL version 3 ou ultérieure <http://gnu.org/licenses/gpl.html>
# Ceci est un logiciel libre : vous êtes autorisé à le modifier et à la redistribuer.
# Il ne comporte AUCUNE GARANTIE, dans la mesure de ce que permet la loi.

# Base de données de Make, imprimée le Thu Apr 15 18:42:11 2021

# Variables

# environnement
NO_AT_BRIDGE = 1
# environnement
GJS_DEBUG_OUTPUT = stderr
# environnement
VSCODE_IPC_HOOK_EXTHOST = /run/user/1000/vscode-ipc-931e8bd1-dd75-43fa-a125-87a518065f91.sock
# environnement
WINDOWPATH = 2
# environnement
GDM_LANG = fr_FR.UTF-8
# défaut
MAKE_COMMAND := make
# automatique
@D = $(patsubst %/,%,$(dir $@))
# environnement
VSCODE_HANDLES_UNCAUGHT_ERRORS = true
# défaut
.VARIABLES := 
# environnement
PWD = /home/arthur/Projects/CHUPS
# automatique
%D = $(patsubst %/,%,$(dir $%))
# environnement
MAIL = /var/spool/mail/arthur
# environnement
XDG_DATA_DIRS = /home/arthur/.local/share/flatpak/exports/share:/var/lib/flatpak/exports/share:/usr/local/share/:/usr/share/
# automatique
^D = $(patsubst %/,%,$(dir $^))
# environnement
VSCODE_LOG_STACK = false
# automatique
%F = $(notdir $%)
# environnement
LANG = fr_FR.UTF-8
# environnement
XAUTHORITY = /run/user/1000/gdm/Xauthority
# défaut
.LOADED := 
# défaut
.INCLUDE_DIRS = /usr/include /usr/local/include /usr/include
# makefile (depuis « Makefile », ligne 51)
CMAKE_COMMAND = /usr/bin/cmake
# makefile
MAKEFLAGS = pqrR
# environnement
ANDROID_NDK_HOME = /opt/android-ndk
# makefile
CURDIR := /home/arthur/Projects/CHUPS
# environnement
VSCODE_PIPE_LOGGING = true
# environnement
APPLICATION_INSIGHTS_NO_DIAGNOSTIC_CHANNEL = true
# automatique
*D = $(patsubst %/,%,$(dir $*))
# environnement
MFLAGS = -pqrR
# environnement
SSH_AUTH_SOCK = /run/user/1000/keyring/ssh
# défaut
.SHELLFLAGS := -c
# automatique
+D = $(patsubst %/,%,$(dir $+))
# environnement
XDG_SESSION_DESKTOP = gnome-xorg
# environnement
VSCODE_CRASH_REPORTER_START_OPTIONS = {"companyName":"Microsoft","productName":"Code - OSS","submitURL":"","uploadToServer":false}
# makefile (depuis « Makefile », ligne 1)
MAKEFILE_LIST := Makefile
# makefile (depuis « Makefile », ligne 63)
CMAKE_BINARY_DIR = /home/arthur/Projects/CHUPS
# automatique
@F = $(notdir $@)
# environnement
VSCODE_VERBOSE_LOGGING = true
# environnement
VSCODE_PID = 8953
# environnement
XDG_SESSION_TYPE = x11
# automatique
?D = $(patsubst %/,%,$(dir $?))
# makefile (depuis « Makefile », ligne 60)
CMAKE_SOURCE_DIR = /home/arthur/Projects/CHUPS
# environnement
LCLIMPORTDIR = /usr/share/splint/imports
# environnement
SESSION_MANAGER = local/Nap0leon:@/tmp/.ICE-unix/752,unix/Nap0leon:/tmp/.ICE-unix/752
# automatique
*F = $(notdir $*)
# environnement
CHROME_DESKTOP = code-oss.desktop
# environnement
DBUS_SESSION_BUS_ADDRESS = unix:path=/run/user/1000/bus
# automatique
<D = $(patsubst %/,%,$(dir $<))
# environnement
VSCODE_NLS_CONFIG = {"locale":"fr","availableLanguages":{},"_languagePackSupport":true}
# environnement
BREAKPAD_DUMP_LOCATION = /home/arthur/.config/Code - OSS/exthost Crash Reports
# défaut
MAKE_HOST := x86_64-pc-linux-gnu
# environnement
ANDROID_HOME = /opt/android-sdk
# makefile (depuis « Makefile », ligne 48)
SHELL = /bin/sh
# défaut
MAKECMDGOALS := all
# environnement
GJS_DEBUG_TOPICS = JS ERROR;JS LOG
# environnement
SHLVL = 0
# environnement
ANDROID_NDK = /opt/android-ndk
# environnement
MAKELEVEL := 0
# défaut
MAKE = $(MAKE_COMMAND)
# environnement
PATH = /opt/jython/bin/:/usr/local/bin:/usr/bin:/usr/local/sbin:/opt/android-ndk:/opt/android-sdk/platform-tools:/opt/android-sdk/tools:/opt/android-sdk/tools/bin:/var/lib/flatpak/exports/bin:/usr/lib/jvm/default/bin:/usr/bin/site_perl:/usr/bin/vendor_perl:/usr/bin/core_perl
# défaut
MAKEFILES := 
# environnement
MOTD_SHOWN = pam
# automatique
^F = $(notdir $^)
# environnement
INVOCATION_ID = 3216bcb0614848799c3f3ad6356a4635
# environnement
VSCODE_LOG_NATIVE = false
# environnement
USERNAME = arthur
# automatique
?F = $(notdir $?)
# environnement
XDG_CURRENT_DESKTOP = GNOME
# environnement
MKLROOT = /opt/intel/mkl
# automatique
+F = $(notdir $+)
# environnement
DESKTOP_SESSION = gnome-xorg
# environnement
ORIGINAL_XDG_CURRENT_DESKTOP = GNOME
# directive « override »
GNUMAKEFLAGS := 
# makefile (depuis « Makefile », ligne 57)
EQUALS = =
# environnement
LOGNAME = arthur
# environnement
GIO_LAUNCHED_DESKTOP_FILE = /usr/share/applications/code-oss.desktop
# makefile
.DEFAULT_GOAL := default_target
# environnement
SYSTEMD_EXEC_PID = 793
# makefile (depuis « Makefile », ligne 54)
RM = /usr/bin/cmake -E rm -f
# environnement
DISPLAY = :0
# environnement
USER = arthur
# défaut
MAKE_VERSION := 4.3
# environnement
MANAGERPID = 674
# environnement
LARCH_PATH = /usr/share/splint/lib
# environnement
GIO_LAUNCHED_DESKTOP_FILE_PID = 8907
# environnement
VSCODE_NODE_CACHED_DATA_DIR = /home/arthur/.config/Code - OSS/CachedData/2b9aebd5354a3629c3aba0a5f5df49f43d6689f8
# environnement
_ = /usr/bin/make
# makefile (depuis « Makefile », ligne 35)
MAKESILENT = -s
# environnement
MOZ_PLUGIN_PATH = /usr/lib/mozilla/plugins
# environnement
XDG_RUNTIME_DIR = /run/user/1000
# environnement
JOURNAL_STREAM = 8:21312
# environnement
XDG_SESSION_CLASS = user
# environnement
VSCODE_AMD_ENTRYPOINT = vs/workbench/services/extensions/node/extensionHostProcess
# environnement
HOME = /home/arthur
# environnement
ELECTRON_RUN_AS_NODE = 1
# environnement
VSCODE_IPC_HOOK = /run/user/1000/vscode-0be5d10c-1.54.3-main.sock
# défaut
.RECIPEPREFIX := 
# automatique
<F = $(notdir $<)
# défaut
SUFFIXES := 
# environnement
VSCODE_CLI = 1
# environnement
ELECTRON_NO_ATTACH_CONSOLE = 1
# défaut
.FEATURES := target-specific order-only second-expansion else-if shortest-stem undefine oneshell nocomment grouped-target extra-prereqs archives jobserver output-sync check-symlink guile load
# environnement
XDG_MENU_PREFIX = gnome-
# environnement
GDMSESSION = gnome-xorg
# stats des tables de hachage de la variable « set » :
# Load=103/1024=10%, Rehash=0, Collisions=7/142=5%

# Valeurs de variable spécifiques au motif

# pas de valeurs de variable spécifiques au motif

# Répertoires

# RCS: « stat » impossible.
# SCCS: « stat » impossible.
# . (périphérique 2050, inode 4220333) : 24 fichier(s), aucune impossibilité(s).

# 24 fichier(s), aucune impossibilités dans 3 répertoires.

# Règles implicites

%: %,v

%: RCS/%

%: RCS/%,v

%: SCCS/s.%

%: s.%

%.hpux_make_needs_suffix_list:

# 6 implicit rules, 0 (0,0%) terminal.
# Fichiers

src/synack.c.o:
#  Cible factice (dépendance de .PHONY).
#  La recherche de règle implicite n'a pas été effectuée.
# Le fichier n'existe pas.
#  Le fichier n'a pas été mis à jour.
#  recette à exécuter (de « Makefile », ligne 281) : 
	$(MAKE) $(MAKESILENT) -f CMakeFiles/CHUPS.dir/build.make CMakeFiles/CHUPS.dir/src/synack.c.o

src/main.i: src/main.c.i
#  Cible factice (dépendance de .PHONY).
#  La recherche de règle implicite n'a pas été effectuée.
# Le fichier n'existe pas.
#  Le fichier n'a pas été mis à jour.

src/menu.c.o:
#  Cible factice (dépendance de .PHONY).
#  La recherche de règle implicite n'a pas été effectuée.
# Le fichier n'existe pas.
#  Le fichier n'a pas été mis à jour.
#  recette à exécuter (de « Makefile », ligne 257) : 
	$(MAKE) $(MAKESILENT) -f CMakeFiles/CHUPS.dir/build.make CMakeFiles/CHUPS.dir/src/menu.c.o

src/synack.c.s:
#  Cible factice (dépendance de .PHONY).
#  La recherche de règle implicite n'a pas été effectuée.
# Le fichier n'existe pas.
#  Le fichier n'a pas été mis à jour.
#  recette à exécuter (de « Makefile », ligne 297) : 
	$(MAKE) $(MAKESILENT) -f CMakeFiles/CHUPS.dir/build.make CMakeFiles/CHUPS.dir/src/synack.c.s

depend:
#  Cible factice (dépendance de .PHONY).
#  La recherche de règle implicite n'a pas été effectuée.
# Le fichier n'existe pas.
#  Le fichier n'a pas été mis à jour.
#  recette à exécuter (de « Makefile », ligne 116) : 
	$(CMAKE_COMMAND) -S$(CMAKE_SOURCE_DIR) -B$(CMAKE_BINARY_DIR) --check-build-system CMakeFiles/Makefile.cmake 1

src/main.s: src/main.c.s
#  Cible factice (dépendance de .PHONY).
#  La recherche de règle implicite n'a pas été effectuée.
# Le fichier n'existe pas.
#  Le fichier n'a pas été mis à jour.

src/common.s: src/common.c.s
#  Cible factice (dépendance de .PHONY).
#  La recherche de règle implicite n'a pas été effectuée.
# Le fichier n'existe pas.
 
#  Le fichier n'a pas été mis à jour.

default_target: all
#  Cible factice (dépendance de .PHONY).
#  La recherche de règle implicite n'a pas été effectuée.
# Le fichier n'existe pas.
#  Le fichier n'a pas été mis à jour.

src/logs.s: src/logs.c.s
#  Cible factice (dépendance de .PHONY).
#  La recherche de règle implicite n'a pas été effectuée.
# Le fichier n'existe pas.
#  Le fichier n'a pas été mis à jour.

src/menu.o: src/menu.c.o
#  Cible factice (dépendance de .PHONY).
#  La recherche de règle implicite n'a pas été effectuée.
# Le fichier n'existe pas.
#  Le fichier n'a pas été mis à jour.

src/host.i: src/host.c.i
#  Cible factice (dépendance de .PHONY).
#  La recherche de règle implicite n'a pas été effectuée.
# Le fichier n'existe pas.
#  Le fichier n'a pas été mis à jour.

edit_cache/fast: edit_cache
#  Cible factice (dépendance de .PHONY).
#  La recherche de règle implicite n'a pas été effectuée.
# Le fichier n'existe pas.
#  Le fichier n'a pas été mis à jour.

src/main.c.i:
#  Cible factice (dépendance de .PHONY).
#  La recherche de règle implicite n'a pas été effectuée.
# Le fichier n'existe pas.
#  Le fichier n'a pas été mis à jour.
#  recette à exécuter (de « Makefile », ligne 241) : 
	$(MAKE) $(MAKESILENT) -f CMakeFiles/CHUPS.dir/build.make CMakeFiles/CHUPS.dir/src/main.c.i

src/textcolor.s: src/textcolor.c.s
#  Cible factice (dépendance de .PHONY).
#  La recherche de règle implicite n'a pas été effectuée.
# Le fichier n'existe pas.
#  Le fichier n'a pas été mis à jour.

src/main.c.o:
#  Cible factice (dépendance de .PHONY).
#  La recherche de règle implicite n'a pas été effectuée.
# Le fichier n'existe pas.
#  Le fichier n'a pas été mis à jour.
#  recette à exécuter (de « Makefile », ligne 233) : 
	$(MAKE) $(MAKESILENT) -f CMakeFiles/CHUPS.dir/build.make CMakeFiles/CHUPS.dir/src/main.c.o

src/host.c.i:
#  Cible factice (dépendance de .PHONY).
#  La recherche de règle implicite n'a pas été effectuée.
# Le fichier n'existe pas.
#  Le fichier n'a pas été mis à jour.
#  recette à exécuter (de « Makefile », ligne 193) : 
	$(MAKE) $(MAKESILENT) -f CMakeFiles/CHUPS.dir/build.make CMakeFiles/CHUPS.dir/src/host.c.i

src/file.c.s:
#  Cible factice (dépendance de .PHONY).
#  La recherche de règle implicite n'a pas été effectuée.
# Le fichier n'existe pas.
#  Le fichier n'a pas été mis à jour.
#  recette à exécuter (de « Makefile », ligne 177) : 
	$(MAKE) $(MAKESILENT) -f CMakeFiles/CHUPS.dir/build.make CMakeFiles/CHUPS.dir/src/file.c.s

# Pas une cible :
Makefile:
#  La recherche de règle implicite a été effectuée.
#  Dernière modification 2021-04-15 18:02:43.081818378
#  Le fichier a été mis à jour.
#  Mise à jour réussie.

rebuild_cache:
#  Cible factice (dépendance de .PHONY).
#  La recherche de règle implicite n'a pas été effectuée.
# Le fichier n'existe pas.
#  Le fichier n'a pas été mis à jour.
#  recette à exécuter (de « Makefile », ligne 70) : 
	@$(CMAKE_COMMAND) -E cmake_echo_color --switch=$(COLOR) --cyan "Running CMake to regenerate build system..."
	/usr/bin/cmake --regenerate-during-build -S$(CMAKE_SOURCE_DIR) -B$(CMAKE_BINARY_DIR)

src/textcolor.c.s:
#  Cible factice (dépendance de .PHONY).
#  La recherche de règle implicite n'a pas été effectuée.
# Le fichier n'existe pas.
#  Le fichier n'a pas été mis à jour.
#  recette à exécuter (de « Makefile », ligne 321) : 
	$(MAKE) $(MAKESILENT) -f CMakeFiles/CHUPS.dir/build.make CMakeFiles/CHUPS.dir/src/textcolor.c.s

src/file.i: src/file.c.i
#  Cible factice (dépendance de .PHONY).
#  La recherche de règle implicite n'a pas été effectuée.
# Le fichier n'existe pas.
#  Le fichier n'a pas été mis à jour.

src/menu.s: src/menu.c.s
#  Cible factice (dépendance de .PHONY).
#  La recherche de règle implicite n'a pas été effectuée.
# Le fichier n'existe pas.
#  Le fichier n'a pas été mis à jour.

CHUPS: cmake_check_build_system
#  Cible factice (dépendance de .PHONY).
#  La recherche de règle implicite n'a pas été effectuée.
# Le fichier n'existe pas.
#  Le fichier n'a pas été mis à jour.
#  recette à exécuter (de « Makefile », ligne 124) : 
	$(MAKE) $(MAKESILENT) -f CMakeFiles/Makefile2 CHUPS

src/file.c.o:
#  Cible factice (dépendance de .PHONY).
#  La recherche de règle implicite n'a pas été effectuée.
# Le fichier n'existe pas.
#  Le fichier n'a pas été mis à jour.
#  recette à exécuter (de « Makefile », ligne 161) : 
	$(MAKE) $(MAKESILENT) -f CMakeFiles/CHUPS.dir/build.make CMakeFiles/CHUPS.dir/src/file.c.o

src/logs.c.i:
#  Cible factice (dépendance de .PHONY).
#  La recherche de règle implicite n'a pas été effectuée.
# Le fichier n'existe pas.
#  Le fichier n'a pas été mis à jour.
#  recette à exécuter (de « Makefile », ligne 217) : 
	$(MAKE) $(MAKESILENT) -f CMakeFiles/CHUPS.dir/build.make CMakeFiles/CHUPS.dir/src/logs.c.i

.SILENT:
#  La recherche de règle implicite n'a pas été effectuée.
#  Heure de modification jamais vérifiée.
#  Le fichier n'a pas été mis à jour.

src/logs.o: src/logs.c.o
#  Cible factice (dépendance de .PHONY).
#  La recherche de règle implicite n'a pas été effectuée.
# Le fichier n'existe pas.
#  Le fichier n'a pas été mis à jour.

src/synack.i: src/synack.c.i
#  Cible factice (dépendance de .PHONY).
#  La recherche de règle implicite n'a pas été effectuée.
# Le fichier n'existe pas.
#  Le fichier n'a pas été mis à jour.

clean:
#  Cible factice (dépendance de .PHONY).
#  La recherche de règle implicite n'a pas été effectuée.
# Le fichier n'existe pas.
#  Le fichier n'a pas été mis à jour.
#  recette à exécuter (de « Makefile », ligne 97) : 
	$(MAKE) $(MAKESILENT) -f CMakeFiles/Makefile2 clean

cmake_force:
#  Cible factice (dépendance de .PHONY).
#  La recherche de règle implicite n'a pas été effectuée.
# Le fichier n'existe pas.
#  Le fichier n'a pas été mis à jour.

src/synack.o: src/synack.c.o
#  Cible factice (dépendance de .PHONY).
#  La recherche de règle implicite n'a pas été effectuée.
# Le fichier n'existe pas.
#  Le fichier n'a pas été mis à jour.

src/logs.c.o:
#  Cible factice (dépendance de .PHONY).
#  La recherche de règle implicite n'a pas été effectuée.
# Le fichier n'existe pas.
#  Le fichier n'a pas été mis à jour.
#  recette à exécuter (de « Makefile », ligne 209) : 
	$(MAKE) $(MAKESILENT) -f CMakeFiles/CHUPS.dir/build.make CMakeFiles/CHUPS.dir/src/logs.c.o

preinstall/fast:
#  Cible factice (dépendance de .PHONY).
#  La recherche de règle implicite n'a pas été effectuée.
# Le fichier n'existe pas.
#  Le fichier n'a pas été mis à jour.
#  recette à exécuter (de « Makefile », ligne 111) : 
	$(MAKE) $(MAKESILENT) -f CMakeFiles/Makefile2 preinstall

edit_cache:
#  Cible factice (dépendance de .PHONY).
#  La recherche de règle implicite n'a pas été effectuée.
# Le fichier n'existe pas.
#  Le fichier n'a pas été mis à jour.
#  recette à exécuter (de « Makefile », ligne 80) : 
	@$(CMAKE_COMMAND) -E cmake_echo_color --switch=$(COLOR) --cyan "Running CMake cache editor..."
	/usr/bin/ccmake -S$(CMAKE_SOURCE_DIR) -B$(CMAKE_BINARY_DIR)

src/file.o: src/file.c.o
#  Cible factice (dépendance de .PHONY).
#  La recherche de règle implicite n'a pas été effectuée.
# Le fichier n'existe pas.
#  Le fichier n'a pas été mis à jour.

src/common.c.s:
#  Cible factice (dépendance de .PHONY).
#  La recherche de règle implicite n'a pas été effectuée.
# Le fichier n'existe pas.
#  Le fichier n'a pas été mis à jour.
#  recette à exécuter (de « Makefile », ligne 153) : 
	$(MAKE) $(MAKESILENT) -f CMakeFiles/CHUPS.dir/build.make CMakeFiles/CHUPS.dir/src/common.c.s

CHUPS/fast:
#  Cible factice (dépendance de .PHONY).
#  La recherche de règle implicite n'a pas été effectuée.
# Le fichier n'existe pas.
#  Le fichier n'a pas été mis à jour.
#  recette à exécuter (de « Makefile », ligne 129) : 
	$(MAKE) $(MAKESILENT) -f CMakeFiles/CHUPS.dir/build.make CMakeFiles/CHUPS.dir/build

src/file.c.i:
#  Cible factice (dépendance de .PHONY).
#  La recherche de règle implicite n'a pas été effectuée.
# Le fichier n'existe pas.
#  Le fichier n'a pas été mis à jour.
#  recette à exécuter (de « Makefile », ligne 169) : 
	$(MAKE) $(MAKESILENT) -f CMakeFiles/CHUPS.dir/build.make CMakeFiles/CHUPS.dir/src/file.c.i

src/main.c.s:
#  Cible factice (dépendance de .PHONY).
#  La recherche de règle implicite n'a pas été effectuée.
# Le fichier n'existe pas.
#  Le fichier n'a pas été mis à jour.
#  recette à exécuter (de « Makefile », ligne 249) : 
	$(MAKE) $(MAKESILENT) -f CMakeFiles/CHUPS.dir/build.make CMakeFiles/CHUPS.dir/src/main.c.s

rebuild_cache/fast: rebuild_cache
#  Cible factice (dépendance de .PHONY).
#  La recherche de règle implicite n'a pas été effectuée.
# Le fichier n'existe pas.
#  Le fichier n'a pas été mis à jour.

# Pas une cible :
.hpux_make_needs_suffix_list:
#  La recherche de règle implicite n'a pas été effectuée.
#  Heure de modification jamais vérifiée.
#  Le fichier n'a pas été mis à jour.

src/host.c.s:
#  Cible factice (dépendance de .PHONY).
#  La recherche de règle implicite n'a pas été effectuée.
# Le fichier n'existe pas.
#  Le fichier n'a pas été mis à jour.
#  recette à exécuter (de « Makefile », ligne 201) : 
	$(MAKE) $(MAKESILENT) -f CMakeFiles/CHUPS.dir/build.make CMakeFiles/CHUPS.dir/src/host.c.s

src/textcolor.c.i:
#  Cible factice (dépendance de .PHONY).
#  La recherche de règle implicite n'a pas été effectuée.
# Le fichier n'existe pas.
#  Le fichier n'a pas été mis à jour.
#  recette à exécuter (de « Makefile », ligne 313) : 
	$(MAKE) $(MAKESILENT) -f CMakeFiles/CHUPS.dir/build.make CMakeFiles/CHUPS.dir/src/textcolor.c.i

preinstall: all
#  Cible factice (dépendance de .PHONY).
#  La recherche de règle implicite n'a pas été effectuée.
# Le fichier n'existe pas.
#  Le fichier n'a pas été mis à jour.
#  recette à exécuter (de « Makefile », ligne 106) : 
	$(MAKE) $(MAKESILENT) -f CMakeFiles/Makefile2 preinstall

src/host.s: src/host.c.s
#  Cible factice (dépendance de .PHONY).
#  La recherche de règle implicite n'a pas été effectuée.
# Le fichier n'existe pas.
#  Le fichier n'a pas été mis à jour.

src/main.o: src/main.c.o
#  Cible factice (dépendance de .PHONY).
#  La recherche de règle implicite n'a pas été effectuée.
# Le fichier n'existe pas.
#  Le fichier n'a pas été mis à jour.

src/menu.c.s:
#  Cible factice (dépendance de .PHONY).
#  La recherche de règle implicite n'a pas été effectuée.
# Le fichier n'existe pas.
#  Le fichier n'a pas été mis à jour.
#  recette à exécuter (de « Makefile », ligne 273) : 
	$(MAKE) $(MAKESILENT) -f CMakeFiles/CHUPS.dir/build.make CMakeFiles/CHUPS.dir/src/menu.c.s

src/synack.s: src/synack.c.s
#  Cible factice (dépendance de .PHONY).
#  La recherche de règle implicite n'a pas été effectuée.
# Le fichier n'existe pas.
#  Le fichier n'a pas été mis à jour.

src/common.c.i:
#  Cible factice (dépendance de .PHONY).
#  La recherche de règle implicite n'a pas été effectuée.
# Le fichier n'existe pas.
#  Le fichier n'a pas été mis à jour.
#  recette à exécuter (de « Makefile », ligne 145) : 
 
	$(MAKE) $(MAKESILENT) -f CMakeFiles/CHUPS.dir/build.make CMakeFiles/CHUPS.dir/src/common.c.i

# Pas une cible :
.DEFAULT:
#  La recherche de règle implicite n'a pas été effectuée.
#  Heure de modification jamais vérifiée.
#  Le fichier n'a pas été mis à jour.

all: cmake_check_build_system
#  Cible factice (dépendance de .PHONY).
#  Cible de la ligne de commande.
#  La recherche de règle implicite n'a pas été effectuée.
# Le fichier n'existe pas.
#  Le fichier a été mis à jour.
#  À besoin d'être mis à jour (l'option -q est activée).
# stats des tables de hachage de la variable « set » :
# Load=0/32=0%, Rehash=0, Collisions=0/6=0%
#  recette à exécuter (de « Makefile », ligne 90) : 
	$(CMAKE_COMMAND) -E cmake_progress_start /home/arthur/Projects/CHUPS/CMakeFiles /home/arthur/Projects/CHUPS//CMakeFiles/progress.marks
	$(MAKE) $(MAKESILENT) -f CMakeFiles/Makefile2 all
	$(CMAKE_COMMAND) -E cmake_progress_start /home/arthur/Projects/CHUPS/CMakeFiles 0

help:
#  Cible factice (dépendance de .PHONY).
#  La recherche de règle implicite n'a pas été effectuée.
# Le fichier n'existe pas.
#  Le fichier n'a pas été mis à jour.
#  recette à exécuter (de « Makefile », ligne 326) : 
	@echo "The following are some of the valid targets for this Makefile:"
	@echo "... all (the default if no target is provided)"
	@echo "... clean"
	@echo "... depend"
	@echo "... edit_cache"
	@echo "... rebuild_cache"
	@echo "... CHUPS"
	@echo "... src/common.o"
	@echo "... src/common.i"
	@echo "... src/common.s"
	@echo "... src/file.o"
	@echo "... src/file.i"
	@echo "... src/file.s"
	@echo "... src/host.o"
	@echo "... src/host.i"
	@echo "... src/host.s"
	@echo "... src/logs.o"
	@echo "... src/logs.i"
	@echo "... src/logs.s"
	@echo "... src/main.o"
	@echo "... src/main.i"
	@echo "... src/main.s"
	@echo "... src/menu.o"
	@echo "... src/menu.i"
	@echo "... src/menu.s"
	@echo "... src/synack.o"
	@echo "... src/synack.i"
	@echo "... src/synack.s"
	@echo "... src/textcolor.o"
	@echo "... src/textcolor.i"
	@echo "... src/textcolor.s"

clean/fast: clean
#  Cible factice (dépendance de .PHONY).
#  La recherche de règle implicite n'a pas été effectuée.
# Le fichier n'existe pas.
#  Le fichier n'a pas été mis à jour.

src/common.c.o:
#  Cible factice (dépendance de .PHONY).
#  La recherche de règle implicite n'a pas été effectuée.
# Le fichier n'existe pas.
#  Le fichier n'a pas été mis à jour.
#  recette à exécuter (de « Makefile », ligne 137) : 
	$(MAKE) $(MAKESILENT) -f CMakeFiles/CHUPS.dir/build.make CMakeFiles/CHUPS.dir/src/common.c.o

src/textcolor.c.o:
#  Cible factice (dépendance de .PHONY).
#  La recherche de règle implicite n'a pas été effectuée.
# Le fichier n'existe pas.
#  Le fichier n'a pas été mis à jour.
#  recette à exécuter (de « Makefile », ligne 305) : 
	$(MAKE) $(MAKESILENT) -f CMakeFiles/CHUPS.dir/build.make CMakeFiles/CHUPS.dir/src/textcolor.c.o

src/logs.c.s:
#  Cible factice (dépendance de .PHONY).
#  La recherche de règle implicite n'a pas été effectuée.
# Le fichier n'existe pas.
#  Le fichier n'a pas été mis à jour.
#  recette à exécuter (de « Makefile », ligne 225) : 
	$(MAKE) $(MAKESILENT) -f CMakeFiles/CHUPS.dir/build.make CMakeFiles/CHUPS.dir/src/logs.c.s

.NOTPARALLEL:
#  La recherche de règle implicite n'a pas été effectuée.
#  Heure de modification jamais vérifiée.
#  Le fichier n'a pas été mis à jour.

src/textcolor.i: src/textcolor.c.i
#  Cible factice (dépendance de .PHONY).
#  La recherche de règle implicite n'a pas été effectuée.
# Le fichier n'existe pas.
#  Le fichier n'a pas été mis à jour.

src/logs.i: src/logs.c.i
#  Cible factice (dépendance de .PHONY).
#  La recherche de règle implicite n'a pas été effectuée.
# Le fichier n'existe pas.
#  Le fichier n'a pas été mis à jour.

src/file.s: src/file.c.s
#  Cible factice (dépendance de .PHONY).
#  La recherche de règle implicite n'a pas été effectuée.
# Le fichier n'existe pas.
#  Le fichier n'a pas été mis à jour.

src/synack.c.i:
#  Cible factice (dépendance de .PHONY).
#  La recherche de règle implicite n'a pas été effectuée.
# Le fichier n'existe pas.
#  Le fichier n'a pas été mis à jour.
#  recette à exécuter (de « Makefile », ligne 289) : 
	$(MAKE) $(MAKESILENT) -f CMakeFiles/CHUPS.dir/build.make CMakeFiles/CHUPS.dir/src/synack.c.i

cmake_check_build_system:
#  Cible factice (dépendance de .PHONY).
#  La recherche de règle implicite n'a pas été effectuée.
#  Préfixe de motif implicite ou statique : «  »
# Le fichier n'existe pas.
#  Le fichier a été mis à jour.
#  À besoin d'être mis à jour (l'option -q est activée).
# automatique
# @ := cmake_check_build_system
# automatique
# * := 
# automatique
# < := 
# automatique
# + := 
# automatique
# % := 
# automatique
# ^ := 
# automatique
# ? := 
# automatique
# | := 
# stats des tables de hachage de la variable « set » :
# Load=8/32=25%, Rehash=0, Collisions=1/14=7%
#  recette à exécuter (de « Makefile », ligne 368) : 
	$(CMAKE_COMMAND) -S$(CMAKE_SOURCE_DIR) -B$(CMAKE_BINARY_DIR) --check-build-system CMakeFiles/Makefile.cmake 0

src/host.c.o:
#  Cible factice (dépendance de .PHONY).
#  La recherche de règle implicite n'a pas été effectuée.
# Le fichier n'existe pas.
#  Le fichier n'a pas été mis à jour.
#  recette à exécuter (de « Makefile », ligne 185) : 
	$(MAKE) $(MAKESILENT) -f CMakeFiles/CHUPS.dir/build.make CMakeFiles/CHUPS.dir/src/host.c.o

src/common.o: src/common.c.o
#  Cible factice (dépendance de .PHONY).
#  La recherche de règle implicite n'a pas été effectuée.
# Le fichier n'existe pas.
#  Le fichier n'a pas été mis à jour.

src/textcolor.o: src/textcolor.c.o
#  Cible factice (dépendance de .PHONY).
#  La recherche de règle implicite n'a pas été effectuée.
# Le fichier n'existe pas.
#  Le fichier n'a pas été mis à jour.

src/host.o: src/host.c.o
#  Cible factice (dépendance de .PHONY).
#  La recherche de règle implicite n'a pas été effectuée.
# Le fichier n'existe pas.
#  Le fichier n'a pas été mis à jour.

src/common.i: src/common.c.i
#  Cible factice (dépendance de .PHONY).
#  La recherche de règle implicite n'a pas été effectuée.
# Le fichier n'existe pas.
#  Le fichier n'a pas été mis à jour.

.SUFFIXES: .hpux_make_needs_suffix_list
#  La recherche de règle implicite n'a pas été effectuée.
#  Heure de modification jamais vérifiée.
#  Le fichier n'a pas été mis à jour.

src/menu.i: src/menu.c.i
#  Cible factice (dépendance de .PHONY).
#  La recherche de règle implicite n'a pas été effectuée.
# Le fichier n'existe pas.
#  Le fichier n'a pas été mis à jour.

.PHONY: default_target cmake_force rebuild_cache rebuild_cache/fast edit_cache edit_cache/fast all clean clean/fast preinstall preinstall/fast depend CHUPS CHUPS/fast src/common.o src/common.c.o src/common.i src/common.c.i src/common.s src/common.c.s src/file.o src/file.c.o src/file.i src/file.c.i src/file.s src/file.c.s src/host.o src/host.c.o src/host.i src/host.c.i src/host.s src/host.c.s src/logs.o src/logs.c.o src/logs.i src/logs.c.i src/logs.s src/logs.c.s src/main.o src/main.c.o src/main.i src/main.c.i src/main.s src/main.c.s src/menu.o src/menu.c.o src/menu.i src/menu.c.i src/menu.s src/menu.c.s src/synack.o src/synack.c.o src/synack.i src/synack.c.i src/synack.s src/synack.c.s src/textcolor.o src/textcolor.c.o src/textcolor.i src/textcolor.c.i src/textcolor.s src/textcolor.c.s help cmake_check_build_system
#  La recherche de règle implicite n'a pas été effectuée.
#  Heure de modification jamais vérifiée.
#  Le fichier n'a pas été mis à jour.

src/menu.c.i:
#  Cible factice (dépendance de .PHONY).
#  La recherche de règle implicite n'a pas été effectuée.
# Le fichier n'existe pas.
#  Le fichier n'a pas été mis à jour.
#  recette à exécuter (de « Makefile », ligne 265) : 
	$(MAKE) $(MAKESILENT) -f CMakeFiles/CHUPS.dir/build.make CMakeFiles/CHUPS.dir/src/menu.c.i

# stats des tables de hachage des fichiers :
# Load=71/1024=7%, Rehash=0, Collisions=2/269=1%
# Chemins de recherche VPATH

# Aucun chemin de recherche « vpath ».

# Aucun chemin de recherche général (variable « VPATH »).

# strcache utilisé : 1 (0) / chaînes = 105 / espace = 1201 o / moy = 11 o
# current buf: size = 8162 B / used = 1201 B / count = 105 / avg = 11 B

# performance strcache : lookups = 407 / accès = 74%
# stats des tables de hachage :
# Load=105/8192=1%, Rehash=0, Collisions=0/407=0%
# Base de données de Make terminée le Thu Apr 15 18:42:11 2021

 
